#
# There is insufficient memory for the Java Runtime Environment to continue.
# Native memory allocation (malloc) failed to allocate 1890736 bytes for Chunk::new
# Possible reasons:
#   The system is out of physical RAM or swap space
#   The process is running with CompressedOops enabled, and the Java Heap may be blocking the growth of the native heap
# Possible solutions:
#   Reduce memory load on the system
#   Increase physical memory or swap space
#   Check if swap backing store is full
#   Decrease Java heap size (-Xmx/-Xms)
#   Decrease number of Java threads
#   Decrease Java thread stack sizes (-Xss)
#   Set larger code cache with -XX:ReservedCodeCacheSize=
#   JVM is running with Unscaled Compressed Oops mode in which the Java heap is
#     placed in the first 4GB address space. The Java Heap base address is the
#     maximum limit for the native heap growth. Please use -XX:HeapBaseMinAddress
#     to set the Java Heap base and to place the Java Heap above 4GB virtual address.
# This output file may be truncated or incomplete.
#
#  Out of Memory Error (./open/src/hotspot/share/memory/arena.cpp:197), pid=10204, tid=12624
#
# JRE version: Java(TM) SE Runtime Environment 18.9 (11.0.15+8) (build 11.0.15+8-LTS-149)
# Java VM: Java HotSpot(TM) 64-Bit Server VM 18.9 (11.0.15+8-LTS-149, mixed mode, tiered, compressed oops, g1 gc, windows-amd64)
# No core dump will be written. Minidumps are not enabled by default on client versions of Windows
#

---------------  S U M M A R Y ------------

Command Line: com.example.demo.Ret3G40Application

Host: 11th Gen Intel(R) Core(TM) i3-1115G4 @ 3.00GHz, 4 cores, 7G,  Windows 10 , 64 bit Build 19041 (10.0.19041.1889)
Time: Sun Oct  2 21:37:28 2022 Hora est. Pacífico, Sudamérica elapsed time: 1.404744 seconds (0d 0h 0m 1s)

---------------  T H R E A D  ---------------

Current thread (0x0000016ff3a69000):  JavaThread "C2 CompilerThread0" daemon [_thread_in_native, id=12624, stack(0x000000147e100000,0x000000147e200000)]


Current CompileTask:
C2:   1404 2066       4       java.lang.invoke.MethodType::makeImpl (108 bytes)

Stack: [0x000000147e100000,0x000000147e200000]
Native frames: (J=compiled Java code, j=interpreted, Vv=VM code, C=native code)
V  [jvm.dll+0x629d8a]
V  [jvm.dll+0x7638ff]
V  [jvm.dll+0x764fa9]
V  [jvm.dll+0x765633]
V  [jvm.dll+0x23d9c8]
V  [jvm.dll+0xb2a1c]
V  [jvm.dll+0xb2fdc]
V  [jvm.dll+0x341002]
V  [jvm.dll+0x30e9b3]
V  [jvm.dll+0x30dcfa]
V  [jvm.dll+0x1f8565]
V  [jvm.dll+0x1f774d]
V  [jvm.dll+0x177c51]
V  [jvm.dll+0x207026]
V  [jvm.dll+0x2051bb]
V  [jvm.dll+0x729820]
V  [jvm.dll+0x7223f4]
V  [jvm.dll+0x628c26]
C  [ucrtbase.dll+0x21bb2]
C  [KERNEL32.DLL+0x17034]
C  [ntdll.dll+0x526a1]


---------------  P R O C E S S  ---------------

Threads class SMR info:
_java_thread_list=0x0000016ff5b89e00, length=13, elements={
0x0000016fd6567800, 0x0000016ff3a42800, 0x0000016ff3a4c000, 0x0000016ff3a5e800,
0x0000016ff3a63800, 0x0000016ff3a67000, 0x0000016ff3a69000, 0x0000016ff3a76800,
0x0000016ff443f000, 0x0000016ff457e000, 0x0000016ff4769800, 0x0000016ff5373000,
0x0000016ff517a800
}

Java Threads: ( => current thread )
  0x0000016fd6567800 JavaThread "main" [_thread_blocked, id=5096, stack(0x000000147d500000,0x000000147d600000)]
  0x0000016ff3a42800 JavaThread "Reference Handler" daemon [_thread_blocked, id=11892, stack(0x000000147dc00000,0x000000147dd00000)]
  0x0000016ff3a4c000 JavaThread "Finalizer" daemon [_thread_blocked, id=13324, stack(0x000000147dd00000,0x000000147de00000)]
  0x0000016ff3a5e800 JavaThread "Signal Dispatcher" daemon [_thread_blocked, id=5748, stack(0x000000147de00000,0x000000147df00000)]
  0x0000016ff3a63800 JavaThread "Attach Listener" daemon [_thread_blocked, id=10856, stack(0x000000147df00000,0x000000147e000000)]
  0x0000016ff3a67000 JavaThread "Service Thread" daemon [_thread_blocked, id=220, stack(0x000000147e000000,0x000000147e100000)]
=>0x0000016ff3a69000 JavaThread "C2 CompilerThread0" daemon [_thread_in_native, id=12624, stack(0x000000147e100000,0x000000147e200000)]
  0x0000016ff3a76800 JavaThread "C1 CompilerThread0" daemon [_thread_in_native, id=1844, stack(0x000000147e200000,0x000000147e300000)]
  0x0000016ff443f000 JavaThread "Sweeper thread" daemon [_thread_blocked, id=13268, stack(0x000000147e300000,0x000000147e400000)]
  0x0000016ff457e000 JavaThread "Common-Cleaner" daemon [_thread_blocked, id=11532, stack(0x000000147e500000,0x000000147e600000)]
  0x0000016ff4769800 JavaThread "C2 CompilerThread1" daemon [_thread_in_native, id=14576, stack(0x000000147e600000,0x000000147e700000)]
  0x0000016ff5373000 JavaThread "Thread-0" [_thread_blocked, id=15680, stack(0x000000147e800000,0x000000147e900000)]
  0x0000016ff517a800 JavaThread "restartedMain" [_thread_in_Java, id=15320, stack(0x000000147e900000,0x000000147ea00000)]

Other Threads:
  0x0000016ff3a1d000 VMThread "VM Thread" [stack: 0x000000147db00000,0x000000147dc00000] [id=13612]
  0x0000016ff4577000 WatcherThread [stack: 0x000000147e400000,0x000000147e500000] [id=11004]
  0x0000016fd657e000 GCTaskThread "GC Thread#0" [stack: 0x000000147d600000,0x000000147d700000] [id=2804]
  0x0000016ff51ff000 GCTaskThread "GC Thread#1" [stack: 0x000000147e700000,0x000000147e800000] [id=17228]
  0x0000016ff55cf000 GCTaskThread "GC Thread#2" [stack: 0x000000147ea00000,0x000000147eb00000] [id=16336]
  0x0000016ff4f9d800 GCTaskThread "GC Thread#3" [stack: 0x000000147eb00000,0x000000147ec00000] [id=5200]
  0x0000016fd65ae000 ConcurrentGCThread "G1 Main Marker" [stack: 0x000000147d700000,0x000000147d800000] [id=11628]
  0x0000016fd65af800 ConcurrentGCThread "G1 Conc#0" [stack: 0x000000147d800000,0x000000147d900000] [id=12720]
  0x0000016fd6630800 ConcurrentGCThread "G1 Refine#0" [stack: 0x000000147d900000,0x000000147da00000] [id=17368]
  0x0000016fd6634800 ConcurrentGCThread "G1 Young RemSet Sampling" [stack: 0x000000147da00000,0x000000147db00000] [id=2348]

Threads with active compile tasks:
C2 CompilerThread0   1428 2066       4       java.lang.invoke.MethodType::makeImpl (108 bytes)
C1 CompilerThread0   1428 2213       3       org.springframework.asm.ClassReader::readMethod (1055 bytes)
C2 CompilerThread1   1428 2121       4       java.net.URLStreamHandler::parseURL (1201 bytes)

VM state:not at safepoint (normal execution)

VM Mutex/Monitor currently owned by a thread: None

Heap address: 0x0000000084c00000, size: 1972 MB, Compressed Oops mode: 32-bit
Narrow klass base: 0x0000000000000000, Narrow klass shift: 3
Compressed class space size: 1073741824 Address: 0x0000000100000000

Heap:
 garbage-first heap   total 126976K, used 45274K [0x0000000084c00000, 0x0000000100000000)
  region size 1024K, 41 young (41984K), 3 survivors (3072K)
 Metaspace       used 25021K, capacity 25705K, committed 25984K, reserved 1073152K
  class space    used 2811K, capacity 3088K, committed 3200K, reserved 1048576K
Heap Regions: E=young(eden), S=young(survivor), O=old, HS=humongous(starts), HC=humongous(continues), CS=collection set, F=free, A=archive, TAMS=top-at-mark-start (previous, next)
|   0|0x0000000084c00000, 0x0000000084d00000, 0x0000000084d00000|100%|HS|  |TAMS 0x0000000084d00000, 0x0000000084c00000| Complete 
|   1|0x0000000084d00000, 0x0000000084e00000, 0x0000000084e00000|100%| O|  |TAMS 0x0000000084e00000, 0x0000000084d00000| Untracked 
|   2|0x0000000084e00000, 0x0000000084f00000, 0x0000000084f00000|100%| O|  |TAMS 0x0000000084f00000, 0x0000000084e00000| Untracked 
|   3|0x0000000084f00000, 0x0000000085000000, 0x0000000085000000|100%| O|  |TAMS 0x0000000085000000, 0x0000000084f00000| Untracked 
|   4|0x0000000085000000, 0x0000000085100000, 0x0000000085100000|100%| O|  |TAMS 0x0000000085100000, 0x0000000085000000| Untracked 
|   5|0x0000000085100000, 0x00000000851c2c00, 0x0000000085200000| 76%| O|  |TAMS 0x00000000851c2c00, 0x0000000085100000| Untracked 
|   6|0x0000000085200000, 0x0000000085200000, 0x0000000085300000|  0%| F|  |TAMS 0x0000000085200000, 0x0000000085200000| Untracked 
|   7|0x0000000085300000, 0x0000000085300000, 0x0000000085400000|  0%| F|  |TAMS 0x0000000085300000, 0x0000000085300000| Untracked 
|   8|0x0000000085400000, 0x0000000085400000, 0x0000000085500000|  0%| F|  |TAMS 0x0000000085400000, 0x0000000085400000| Untracked 
|   9|0x0000000085500000, 0x0000000085500000, 0x0000000085600000|  0%| F|  |TAMS 0x0000000085500000, 0x0000000085500000| Untracked 
|  10|0x0000000085600000, 0x0000000085600000, 0x0000000085700000|  0%| F|  |TAMS 0x0000000085600000, 0x0000000085600000| Untracked 
|  11|0x0000000085700000, 0x0000000085700000, 0x0000000085800000|  0%| F|  |TAMS 0x0000000085700000, 0x0000000085700000| Untracked 
|  12|0x0000000085800000, 0x0000000085800000, 0x0000000085900000|  0%| F|  |TAMS 0x0000000085800000, 0x0000000085800000| Untracked 
|  13|0x0000000085900000, 0x0000000085900000, 0x0000000085a00000|  0%| F|  |TAMS 0x0000000085900000, 0x0000000085900000| Untracked 
|  14|0x0000000085a00000, 0x0000000085a00000, 0x0000000085b00000|  0%| F|  |TAMS 0x0000000085a00000, 0x0000000085a00000| Untracked 
|  15|0x0000000085b00000, 0x0000000085b00000, 0x0000000085c00000|  0%| F|  |TAMS 0x0000000085b00000, 0x0000000085b00000| Untracked 
|  16|0x0000000085c00000, 0x0000000085c00000, 0x0000000085d00000|  0%| F|  |TAMS 0x0000000085c00000, 0x0000000085c00000| Untracked 
|  17|0x0000000085d00000, 0x0000000085d00000, 0x0000000085e00000|  0%| F|  |TAMS 0x0000000085d00000, 0x0000000085d00000| Untracked 
|  18|0x0000000085e00000, 0x0000000085e00000, 0x0000000085f00000|  0%| F|  |TAMS 0x0000000085e00000, 0x0000000085e00000| Untracked 
|  19|0x0000000085f00000, 0x0000000085f00000, 0x0000000086000000|  0%| F|  |TAMS 0x0000000085f00000, 0x0000000085f00000| Untracked 
|  20|0x0000000086000000, 0x0000000086000000, 0x0000000086100000|  0%| F|  |TAMS 0x0000000086000000, 0x0000000086000000| Untracked 
|  21|0x0000000086100000, 0x0000000086100000, 0x0000000086200000|  0%| F|  |TAMS 0x0000000086100000, 0x0000000086100000| Untracked 
|  22|0x0000000086200000, 0x0000000086200000, 0x0000000086300000|  0%| F|  |TAMS 0x0000000086200000, 0x0000000086200000| Untracked 
|  23|0x0000000086300000, 0x0000000086300000, 0x0000000086400000|  0%| F|  |TAMS 0x0000000086300000, 0x0000000086300000| Untracked 
|  24|0x0000000086400000, 0x0000000086400000, 0x0000000086500000|  0%| F|  |TAMS 0x0000000086400000, 0x0000000086400000| Untracked 
|  25|0x0000000086500000, 0x0000000086500000, 0x0000000086600000|  0%| F|  |TAMS 0x0000000086500000, 0x0000000086500000| Untracked 
|  26|0x0000000086600000, 0x0000000086600000, 0x0000000086700000|  0%| F|  |TAMS 0x0000000086600000, 0x0000000086600000| Untracked 
|  27|0x0000000086700000, 0x0000000086700000, 0x0000000086800000|  0%| F|  |TAMS 0x0000000086700000, 0x0000000086700000| Untracked 
|  28|0x0000000086800000, 0x0000000086800000, 0x0000000086900000|  0%| F|  |TAMS 0x0000000086800000, 0x0000000086800000| Untracked 
|  29|0x0000000086900000, 0x0000000086900000, 0x0000000086a00000|  0%| F|  |TAMS 0x0000000086900000, 0x0000000086900000| Untracked 
|  30|0x0000000086a00000, 0x0000000086a00000, 0x0000000086b00000|  0%| F|  |TAMS 0x0000000086a00000, 0x0000000086a00000| Untracked 
|  31|0x0000000086b00000, 0x0000000086b00000, 0x0000000086c00000|  0%| F|  |TAMS 0x0000000086b00000, 0x0000000086b00000| Untracked 
|  32|0x0000000086c00000, 0x0000000086c00000, 0x0000000086d00000|  0%| F|  |TAMS 0x0000000086c00000, 0x0000000086c00000| Untracked 
|  33|0x0000000086d00000, 0x0000000086d00000, 0x0000000086e00000|  0%| F|  |TAMS 0x0000000086d00000, 0x0000000086d00000| Untracked 
|  34|0x0000000086e00000, 0x0000000086e00000, 0x0000000086f00000|  0%| F|  |TAMS 0x0000000086e00000, 0x0000000086e00000| Untracked 
|  35|0x0000000086f00000, 0x0000000086f00000, 0x0000000087000000|  0%| F|  |TAMS 0x0000000086f00000, 0x0000000086f00000| Untracked 
|  36|0x0000000087000000, 0x0000000087000000, 0x0000000087100000|  0%| F|  |TAMS 0x0000000087000000, 0x0000000087000000| Untracked 
|  37|0x0000000087100000, 0x0000000087100000, 0x0000000087200000|  0%| F|  |TAMS 0x0000000087100000, 0x0000000087100000| Untracked 
|  38|0x0000000087200000, 0x0000000087200000, 0x0000000087300000|  0%| F|  |TAMS 0x0000000087200000, 0x0000000087200000| Untracked 
|  39|0x0000000087300000, 0x0000000087300000, 0x0000000087400000|  0%| F|  |TAMS 0x0000000087300000, 0x0000000087300000| Untracked 
|  40|0x0000000087400000, 0x0000000087400000, 0x0000000087500000|  0%| F|  |TAMS 0x0000000087400000, 0x0000000087400000| Untracked 
|  41|0x0000000087500000, 0x0000000087500000, 0x0000000087600000|  0%| F|  |TAMS 0x0000000087500000, 0x0000000087500000| Untracked 
|  42|0x0000000087600000, 0x0000000087600000, 0x0000000087700000|  0%| F|  |TAMS 0x0000000087600000, 0x0000000087600000| Untracked 
|  43|0x0000000087700000, 0x0000000087700000, 0x0000000087800000|  0%| F|  |TAMS 0x0000000087700000, 0x0000000087700000| Untracked 
|  44|0x0000000087800000, 0x0000000087800000, 0x0000000087900000|  0%| F|  |TAMS 0x0000000087800000, 0x0000000087800000| Untracked 
|  45|0x0000000087900000, 0x0000000087900000, 0x0000000087a00000|  0%| F|  |TAMS 0x0000000087900000, 0x0000000087900000| Untracked 
|  46|0x0000000087a00000, 0x0000000087a00000, 0x0000000087b00000|  0%| F|  |TAMS 0x0000000087a00000, 0x0000000087a00000| Untracked 
|  47|0x0000000087b00000, 0x0000000087b00000, 0x0000000087c00000|  0%| F|  |TAMS 0x0000000087b00000, 0x0000000087b00000| Untracked 
|  48|0x0000000087c00000, 0x0000000087c00000, 0x0000000087d00000|  0%| F|  |TAMS 0x0000000087c00000, 0x0000000087c00000| Untracked 
|  49|0x0000000087d00000, 0x0000000087d00000, 0x0000000087e00000|  0%| F|  |TAMS 0x0000000087d00000, 0x0000000087d00000| Untracked 
|  50|0x0000000087e00000, 0x0000000087e00000, 0x0000000087f00000|  0%| F|  |TAMS 0x0000000087e00000, 0x0000000087e00000| Untracked 
|  51|0x0000000087f00000, 0x0000000087f00000, 0x0000000088000000|  0%| F|  |TAMS 0x0000000087f00000, 0x0000000087f00000| Untracked 
|  52|0x0000000088000000, 0x0000000088000000, 0x0000000088100000|  0%| F|  |TAMS 0x0000000088000000, 0x0000000088000000| Untracked 
|  53|0x0000000088100000, 0x0000000088100000, 0x0000000088200000|  0%| F|  |TAMS 0x0000000088100000, 0x0000000088100000| Untracked 
|  54|0x0000000088200000, 0x0000000088200000, 0x0000000088300000|  0%| F|  |TAMS 0x0000000088200000, 0x0000000088200000| Untracked 
|  55|0x0000000088300000, 0x0000000088300000, 0x0000000088400000|  0%| F|  |TAMS 0x0000000088300000, 0x0000000088300000| Untracked 
|  56|0x0000000088400000, 0x0000000088400000, 0x0000000088500000|  0%| F|  |TAMS 0x0000000088400000, 0x0000000088400000| Untracked 
|  57|0x0000000088500000, 0x0000000088500000, 0x0000000088600000|  0%| F|  |TAMS 0x0000000088500000, 0x0000000088500000| Untracked 
|  58|0x0000000088600000, 0x0000000088600000, 0x0000000088700000|  0%| F|  |TAMS 0x0000000088600000, 0x0000000088600000| Untracked 
|  59|0x0000000088700000, 0x0000000088700000, 0x0000000088800000|  0%| F|  |TAMS 0x0000000088700000, 0x0000000088700000| Untracked 
|  60|0x0000000088800000, 0x0000000088800000, 0x0000000088900000|  0%| F|  |TAMS 0x0000000088800000, 0x0000000088800000| Untracked 
|  61|0x0000000088900000, 0x0000000088900000, 0x0000000088a00000|  0%| F|  |TAMS 0x0000000088900000, 0x0000000088900000| Untracked 
|  62|0x0000000088a00000, 0x0000000088a00000, 0x0000000088b00000|  0%| F|  |TAMS 0x0000000088a00000, 0x0000000088a00000| Untracked 
|  63|0x0000000088b00000, 0x0000000088b00000, 0x0000000088c00000|  0%| F|  |TAMS 0x0000000088b00000, 0x0000000088b00000| Untracked 
|  64|0x0000000088c00000, 0x0000000088c00000, 0x0000000088d00000|  0%| F|  |TAMS 0x0000000088c00000, 0x0000000088c00000| Untracked 
|  65|0x0000000088d00000, 0x0000000088d00000, 0x0000000088e00000|  0%| F|  |TAMS 0x0000000088d00000, 0x0000000088d00000| Untracked 
|  66|0x0000000088e00000, 0x0000000088e00000, 0x0000000088f00000|  0%| F|  |TAMS 0x0000000088e00000, 0x0000000088e00000| Untracked 
|  67|0x0000000088f00000, 0x0000000088f00000, 0x0000000089000000|  0%| F|  |TAMS 0x0000000088f00000, 0x0000000088f00000| Untracked 
|  68|0x0000000089000000, 0x0000000089000000, 0x0000000089100000|  0%| F|  |TAMS 0x0000000089000000, 0x0000000089000000| Untracked 
|  69|0x0000000089100000, 0x0000000089100000, 0x0000000089200000|  0%| F|  |TAMS 0x0000000089100000, 0x0000000089100000| Untracked 
|  70|0x0000000089200000, 0x0000000089200000, 0x0000000089300000|  0%| F|  |TAMS 0x0000000089200000, 0x0000000089200000| Untracked 
|  71|0x0000000089300000, 0x0000000089300000, 0x0000000089400000|  0%| F|  |TAMS 0x0000000089300000, 0x0000000089300000| Untracked 
|  72|0x0000000089400000, 0x0000000089400000, 0x0000000089500000|  0%| F|  |TAMS 0x0000000089400000, 0x0000000089400000| Untracked 
|  73|0x0000000089500000, 0x0000000089500000, 0x0000000089600000|  0%| F|  |TAMS 0x0000000089500000, 0x0000000089500000| Untracked 
|  74|0x0000000089600000, 0x0000000089600000, 0x0000000089700000|  0%| F|  |TAMS 0x0000000089600000, 0x0000000089600000| Untracked 
|  75|0x0000000089700000, 0x0000000089700000, 0x0000000089800000|  0%| F|  |TAMS 0x0000000089700000, 0x0000000089700000| Untracked 
|  76|0x0000000089800000, 0x0000000089800000, 0x0000000089900000|  0%| F|  |TAMS 0x0000000089800000, 0x0000000089800000| Untracked 
|  77|0x0000000089900000, 0x0000000089900000, 0x0000000089a00000|  0%| F|  |TAMS 0x0000000089900000, 0x0000000089900000| Untracked 
|  78|0x0000000089a00000, 0x0000000089a00000, 0x0000000089b00000|  0%| F|  |TAMS 0x0000000089a00000, 0x0000000089a00000| Untracked 
|  79|0x0000000089b00000, 0x0000000089b00000, 0x0000000089c00000|  0%| F|  |TAMS 0x0000000089b00000, 0x0000000089b00000| Untracked 
|  80|0x0000000089c00000, 0x0000000089c00000, 0x0000000089d00000|  0%| F|  |TAMS 0x0000000089c00000, 0x0000000089c00000| Untracked 
|  81|0x0000000089d00000, 0x0000000089d00000, 0x0000000089e00000|  0%| F|  |TAMS 0x0000000089d00000, 0x0000000089d00000| Untracked 
|  82|0x0000000089e00000, 0x0000000089e00000, 0x0000000089f00000|  0%| F|  |TAMS 0x0000000089e00000, 0x0000000089e00000| Untracked 
|  83|0x0000000089f00000, 0x000000008a000000, 0x000000008a000000|100%| E|  |TAMS 0x0000000089f00000, 0x0000000089f00000| Complete 
|  84|0x000000008a000000, 0x000000008a100000, 0x000000008a100000|100%| E|CS|TAMS 0x000000008a000000, 0x000000008a000000| Complete 
|  85|0x000000008a100000, 0x000000008a200000, 0x000000008a200000|100%| E|CS|TAMS 0x000000008a100000, 0x000000008a100000| Complete 
|  86|0x000000008a200000, 0x000000008a300000, 0x000000008a300000|100%| E|CS|TAMS 0x000000008a200000, 0x000000008a200000| Complete 
|  87|0x000000008a300000, 0x000000008a400000, 0x000000008a400000|100%| E|CS|TAMS 0x000000008a300000, 0x000000008a300000| Complete 
|  88|0x000000008a400000, 0x000000008a500000, 0x000000008a500000|100%| E|CS|TAMS 0x000000008a400000, 0x000000008a400000| Complete 
|  89|0x000000008a500000, 0x000000008a600000, 0x000000008a600000|100%| E|CS|TAMS 0x000000008a500000, 0x000000008a500000| Complete 
|  90|0x000000008a600000, 0x000000008a700000, 0x000000008a700000|100%| E|CS|TAMS 0x000000008a600000, 0x000000008a600000| Complete 
|  91|0x000000008a700000, 0x000000008a800000, 0x000000008a800000|100%| E|CS|TAMS 0x000000008a700000, 0x000000008a700000| Complete 
|  92|0x000000008a800000, 0x000000008a900000, 0x000000008a900000|100%| E|CS|TAMS 0x000000008a800000, 0x000000008a800000| Complete 
|  93|0x000000008a900000, 0x000000008aa00000, 0x000000008aa00000|100%| E|CS|TAMS 0x000000008a900000, 0x000000008a900000| Complete 
|  94|0x000000008aa00000, 0x000000008ab00000, 0x000000008ab00000|100%| E|CS|TAMS 0x000000008aa00000, 0x000000008aa00000| Complete 
|  95|0x000000008ab00000, 0x000000008ac00000, 0x000000008ac00000|100%| E|  |TAMS 0x000000008ab00000, 0x000000008ab00000| Complete 
|  96|0x000000008ac00000, 0x000000008ad00000, 0x000000008ad00000|100%| E|CS|TAMS 0x000000008ac00000, 0x000000008ac00000| Complete 
|  97|0x000000008ad00000, 0x000000008ae00000, 0x000000008ae00000|100%| E|CS|TAMS 0x000000008ad00000, 0x000000008ad00000| Complete 
|  98|0x000000008ae00000, 0x000000008af00000, 0x000000008af00000|100%| E|CS|TAMS 0x000000008ae00000, 0x000000008ae00000| Complete 
|  99|0x000000008af00000, 0x000000008b000000, 0x000000008b000000|100%| E|CS|TAMS 0x000000008af00000, 0x000000008af00000| Complete 
| 100|0x000000008b000000, 0x000000008b100000, 0x000000008b100000|100%| E|CS|TAMS 0x000000008b000000, 0x000000008b000000| Complete 
| 101|0x000000008b100000, 0x000000008b200000, 0x000000008b200000|100%| E|CS|TAMS 0x000000008b100000, 0x000000008b100000| Complete 
| 102|0x000000008b200000, 0x000000008b300000, 0x000000008b300000|100%| E|CS|TAMS 0x000000008b200000, 0x000000008b200000| Complete 
| 103|0x000000008b300000, 0x000000008b400000, 0x000000008b400000|100%| E|CS|TAMS 0x000000008b300000, 0x000000008b300000| Complete 
| 104|0x000000008b400000, 0x000000008b500000, 0x000000008b500000|100%| E|CS|TAMS 0x000000008b400000, 0x000000008b400000| Complete 
| 105|0x000000008b500000, 0x000000008b600000, 0x000000008b600000|100%| E|CS|TAMS 0x000000008b500000, 0x000000008b500000| Complete 
| 106|0x000000008b600000, 0x000000008b700000, 0x000000008b700000|100%| E|CS|TAMS 0x000000008b600000, 0x000000008b600000| Complete 
| 107|0x000000008b700000, 0x000000008b800000, 0x000000008b800000|100%| E|CS|TAMS 0x000000008b700000, 0x000000008b700000| Complete 
| 108|0x000000008b800000, 0x000000008b900000, 0x000000008b900000|100%| E|CS|TAMS 0x000000008b800000, 0x000000008b800000| Complete 
| 109|0x000000008b900000, 0x000000008ba00000, 0x000000008ba00000|100%| E|CS|TAMS 0x000000008b900000, 0x000000008b900000| Complete 
| 110|0x000000008ba00000, 0x000000008bb00000, 0x000000008bb00000|100%| E|CS|TAMS 0x000000008ba00000, 0x000000008ba00000| Complete 
| 111|0x000000008bb00000, 0x000000008bc00000, 0x000000008bc00000|100%| E|CS|TAMS 0x000000008bb00000, 0x000000008bb00000| Complete 
| 112|0x000000008bc00000, 0x000000008bc73dd0, 0x000000008bd00000| 45%| S|CS|TAMS 0x000000008bc00000, 0x000000008bc00000| Complete 
| 113|0x000000008bd00000, 0x000000008be00000, 0x000000008be00000|100%| S|CS|TAMS 0x000000008bd00000, 0x000000008bd00000| Complete 
| 114|0x000000008be00000, 0x000000008bf00000, 0x000000008bf00000|100%| S|CS|TAMS 0x000000008be00000, 0x000000008be00000| Complete 
| 115|0x000000008bf00000, 0x000000008c000000, 0x000000008c000000|100%| E|CS|TAMS 0x000000008bf00000, 0x000000008bf00000| Complete 
| 116|0x000000008c000000, 0x000000008c100000, 0x000000008c100000|100%| E|CS|TAMS 0x000000008c000000, 0x000000008c000000| Complete 
| 117|0x000000008c100000, 0x000000008c200000, 0x000000008c200000|100%| E|CS|TAMS 0x000000008c100000, 0x000000008c100000| Complete 
| 118|0x000000008c200000, 0x000000008c300000, 0x000000008c300000|100%| E|CS|TAMS 0x000000008c200000, 0x000000008c200000| Complete 
| 119|0x000000008c300000, 0x000000008c400000, 0x000000008c400000|100%| E|CS|TAMS 0x000000008c300000, 0x000000008c300000| Complete 
| 120|0x000000008c400000, 0x000000008c500000, 0x000000008c500000|100%| E|CS|TAMS 0x000000008c400000, 0x000000008c400000| Complete 
| 121|0x000000008c500000, 0x000000008c600000, 0x000000008c600000|100%| E|CS|TAMS 0x000000008c500000, 0x000000008c500000| Complete 
| 122|0x000000008c600000, 0x000000008c700000, 0x000000008c700000|100%| E|CS|TAMS 0x000000008c600000, 0x000000008c600000| Complete 
| 123|0x000000008c700000, 0x000000008c800000, 0x000000008c800000|100%| E|CS|TAMS 0x000000008c700000, 0x000000008c700000| Complete 

Card table byte_map: [0x0000016fecff0000,0x0000016fed3d0000] _byte_map_base: 0x0000016fecbca000

Marking Bits (Prev, Next): (CMBitMap*) 0x0000016fd65a58b0, (CMBitMap*) 0x0000016fd65a5878
 Prev Bits: [0x0000016fef680000, 0x0000016ff1550000)
 Next Bits: [0x0000016fed7b0000, 0x0000016fef680000)

Polling page: 0x0000016fd44c0000

Metaspace:

Usage:
  Non-class:     22.09 MB capacity,    21.69 MB ( 98%) used,   338.63 KB (  1%) free+waste,    68.44 KB ( <1%) overhead. 
      Class:      3.02 MB capacity,     2.75 MB ( 91%) used,   241.87 KB (  8%) free+waste,    34.63 KB (  1%) overhead. 
       Both:     25.10 MB capacity,    24.43 MB ( 97%) used,   580.50 KB (  2%) free+waste,   103.06 KB ( <1%) overhead. 

Virtual space:
  Non-class space:       24.00 MB reserved,      22.25 MB ( 93%) committed 
      Class space:        1.00 GB reserved,       3.13 MB ( <1%) committed 
             Both:        1.02 GB reserved,      25.38 MB (  2%) committed 

Chunk freelists:
   Non-Class:  4.88 KB
       Class:  2.00 KB
        Both:  6.88 KB

CodeHeap 'non-profiled nmethods': size=120064Kb used=884Kb max_used=884Kb free=119179Kb
 bounds [0x0000016fe56d0000, 0x0000016fe5940000, 0x0000016fecc10000]
CodeHeap 'profiled nmethods': size=120000Kb used=4239Kb max_used=4239Kb free=115761Kb
 bounds [0x0000016fde1a0000, 0x0000016fde5d0000, 0x0000016fe56d0000]
CodeHeap 'non-nmethods': size=5696Kb used=1130Kb max_used=1183Kb free=4565Kb
 bounds [0x0000016fddc10000, 0x0000016fdde80000, 0x0000016fde1a0000]
 total_blobs=2641 nmethods=2204 adapters=348
 compilation: enabled
              stopped_count=0, restarted_count=0
 full_count=0

Compilation events (10 events):
Event: 1.400 Thread 0x0000016ff3a76800 2168       3       org.springframework.asm.Type::getTypeInternal (218 bytes)
Event: 1.401 Thread 0x0000016ff3a76800 nmethod 2168 0x0000016fde5a8110 code [0x0000016fde5a8440, 0x0000016fde5a9838]
Event: 1.401 Thread 0x0000016ff3a76800 2169       3       org.springframework.asm.Type::getClassName (172 bytes)
Event: 1.402 Thread 0x0000016ff3a76800 nmethod 2169 0x0000016fde5a9f10 code [0x0000016fde5aa2c0, 0x0000016fde5ab9d8]
Event: 1.402 Thread 0x0000016ff3a76800 2171       3       java.lang.reflect.Constructor::setAccessible (21 bytes)
Event: 1.403 Thread 0x0000016ff3a76800 nmethod 2171 0x0000016fde5ac210 code [0x0000016fde5ac420, 0x0000016fde5aca58]
Event: 1.403 Thread 0x0000016ff3a76800 2173       1       org.springframework.core.type.classreading.SimpleMetadataReader::getAnnotationMetadata (5 bytes)
Event: 1.403 Thread 0x0000016ff3a76800 nmethod 2173 0x0000016fe57abd10 code [0x0000016fe57abea0, 0x0000016fe57abf58]
Event: 1.403 Thread 0x0000016ff3a76800 2174       1       org.springframework.context.annotation.ConfigurationClass::getMetadata (5 bytes)
Event: 1.403 Thread 0x0000016ff3a76800 nmethod 2174 0x0000016fe57ac010 code [0x0000016fe57ac1a0, 0x0000016fe57ac258]

GC Heap History (8 events):
Event: 0.396 GC heap before
{Heap before GC invocations=0 (full 0):
 garbage-first heap   total 126976K, used 14336K [0x0000000084c00000, 0x0000000100000000)
  region size 1024K, 14 young (14336K), 0 survivors (0K)
 Metaspace       used 9170K, capacity 9393K, committed 9600K, reserved 1058816K
  class space    used 834K, capacity 876K, committed 896K, reserved 1048576K
}
Event: 0.400 GC heap after
{Heap after GC invocations=1 (full 0):
 garbage-first heap   total 126976K, used 5734K [0x0000000084c00000, 0x0000000100000000)
  region size 1024K, 2 young (2048K), 2 survivors (2048K)
 Metaspace       used 9170K, capacity 9393K, committed 9600K, reserved 1058816K
  class space    used 834K, capacity 876K, committed 896K, reserved 1048576K
}
Event: 0.669 GC heap before
{Heap before GC invocations=1 (full 0):
 garbage-first heap   total 126976K, used 27238K [0x0000000084c00000, 0x0000000100000000)
  region size 1024K, 23 young (23552K), 2 survivors (2048K)
 Metaspace       used 13981K, capacity 14278K, committed 14336K, reserved 1062912K
  class space    used 1410K, capacity 1518K, committed 1536K, reserved 1048576K
}
Event: 0.671 GC heap after
{Heap after GC invocations=2 (full 0):
 garbage-first heap   total 126976K, used 6976K [0x0000000084c00000, 0x0000000100000000)
  region size 1024K, 2 young (2048K), 2 survivors (2048K)
 Metaspace       used 13981K, capacity 14278K, committed 14336K, reserved 1062912K
  class space    used 1410K, capacity 1518K, committed 1536K, reserved 1048576K
}
Event: 0.971 GC heap before
{Heap before GC invocations=2 (full 0):
 garbage-first heap   total 126976K, used 36672K [0x0000000084c00000, 0x0000000100000000)
  region size 1024K, 31 young (31744K), 2 survivors (2048K)
 Metaspace       used 18971K, capacity 19468K, committed 19712K, reserved 1067008K
  class space    used 2058K, capacity 2261K, committed 2304K, reserved 1048576K
}
Event: 0.974 GC heap after
{Heap after GC invocations=3 (full 0):
 garbage-first heap   total 126976K, used 8166K [0x0000000084c00000, 0x0000000100000000)
  region size 1024K, 3 young (3072K), 3 survivors (3072K)
 Metaspace       used 18971K, capacity 19468K, committed 19712K, reserved 1067008K
  class space    used 2058K, capacity 2261K, committed 2304K, reserved 1048576K
}
Event: 1.042 GC heap before
{Heap before GC invocations=3 (full 0):
 garbage-first heap   total 126976K, used 16358K [0x0000000084c00000, 0x0000000100000000)
  region size 1024K, 12 young (12288K), 3 survivors (3072K)
 Metaspace       used 20587K, capacity 21107K, committed 21248K, reserved 1069056K
  class space    used 2230K, capacity 2446K, committed 2560K, reserved 1048576K
}
Event: 1.044 GC heap after
{Heap after GC invocations=4 (full 0):
 garbage-first heap   total 126976K, used 8410K [0x0000000084c00000, 0x0000000100000000)
  region size 1024K, 3 young (3072K), 3 survivors (3072K)
 Metaspace       used 20587K, capacity 21107K, committed 21248K, reserved 1069056K
  class space    used 2230K, capacity 2446K, committed 2560K, reserved 1048576K
}

Deoptimization events (10 events):
Event: 0.830 Thread 0x0000016ff517a800 Uncommon trap: reason=unstable_if action=reinterpret pc=0x0000016fe5735afc method=java.util.concurrent.ConcurrentHashMap.putVal(Ljava/lang/Object;Ljava/lang/Object;Z)Ljava/lang/Object; @ 148 c2
Event: 0.987 Thread 0x0000016ff517a800 Uncommon trap: reason=unstable_if action=reinterpret pc=0x0000016fe570c124 method=java.util.HashMap.hash(Ljava/lang/Object;)I @ 1 c2
Event: 1.003 Thread 0x0000016ff517a800 Uncommon trap: reason=unstable_if action=reinterpret pc=0x0000016fe57393e4 method=java.util.concurrent.ConcurrentHashMap.addCount(JI)V @ 168 c2
Event: 1.006 Thread 0x0000016ff517a800 Uncommon trap: reason=unstable_if action=reinterpret pc=0x0000016fe5708a10 method=java.util.HashMap.getNode(ILjava/lang/Object;)Ljava/util/HashMap$Node; @ 129 c2
Event: 1.122 Thread 0x0000016ff517a800 Uncommon trap: reason=unstable_if action=reinterpret pc=0x0000016fe571acfc method=java.util.concurrent.ConcurrentHashMap.get(Ljava/lang/Object;)Ljava/lang/Object; @ 76 c2
Event: 1.142 Thread 0x0000016ff57f6000 Uncommon trap: reason=unstable_if action=reinterpret pc=0x0000016fe5728d78 method=jdk.internal.org.objectweb.asm.Type.getArgumentsAndReturnSizes(Ljava/lang/String;)I @ 47 c2
Event: 1.142 Thread 0x0000016ff57f6000 Uncommon trap: reason=unstable_if action=reinterpret pc=0x0000016fe576bd24 method=jdk.internal.org.objectweb.asm.Frame.push(Ljdk/internal/org/objectweb/asm/ClassWriter;Ljava/lang/String;)V @ 18 c2
Event: 1.156 Thread 0x0000016ff517a800 Uncommon trap: reason=unstable_if action=reinterpret pc=0x0000016fe56e5b78 method=java.util.zip.ZipFile$Source.getEntryPos([BZ)I @ 156 c2
Event: 1.364 Thread 0x0000016ff517a800 Uncommon trap: reason=class_check action=maybe_recompile pc=0x0000016fe57a44e8 method=java.util.HashMap.putVal(ILjava/lang/Object;Ljava/lang/Object;ZZ)Ljava/lang/Object; @ 203 c2
Event: 1.369 Thread 0x0000016ff517a800 Uncommon trap: reason=class_check action=maybe_recompile pc=0x0000016fe57a44e8 method=java.util.HashMap.putVal(ILjava/lang/Object;Ljava/lang/Object;ZZ)Ljava/lang/Object; @ 203 c2

Classes redefined (0 events):
No events

Internal exceptions (10 events):
Event: 1.132 Thread 0x0000016ff517a800 Exception <a 'java/lang/ClassNotFoundException'{0x000000008b647c30}: org/springframework/beans/factory/AwareCustomizer> (0x000000008b647c30) thrown at [./open/src/hotspot/share/classfile/systemDictionary.cpp, line 226]
Event: 1.142 Thread 0x0000016ff57f6000 Exception <a 'java/lang/NoSuchMethodError'{0x000000008b513768}: java.lang.invoke.DirectMethodHandle$Holder.invokeSpecial(Ljava/lang/Object;Ljava/lang/Object;)J> (0x000000008b513768) thrown at [./open/src/hotspot/share/interpreter/linkResolver.cpp, line 77
Event: 1.144 Thread 0x0000016ff57f6000 Exception <a 'java/lang/NoSuchMethodError'{0x000000008b51db18}: java.lang.invoke.DirectMethodHandle$Holder.invokeStatic(Ljava/lang/Object;Ljava/lang/Object;)J> (0x000000008b51db18) thrown at [./open/src/hotspot/share/interpreter/linkResolver.cpp, line 772
Event: 1.144 Thread 0x0000016ff57f6000 Exception <a 'java/lang/NoSuchMethodError'{0x000000008b520940}: java.lang.invoke.DirectMethodHandle$Holder.invokeStaticInit(Ljava/lang/Object;Ljava/lang/Object;)J> (0x000000008b520940) thrown at [./open/src/hotspot/share/interpreter/linkResolver.cpp, line
Event: 1.145 Thread 0x0000016ff57f6000 Exception <a 'java/lang/NoSuchMethodError'{0x000000008b52d170}: java.lang.invoke.DirectMethodHandle$Holder.invokeInterface(Ljava/lang/Object;Ljava/lang/Object;)J> (0x000000008b52d170) thrown at [./open/src/hotspot/share/interpreter/linkResolver.cpp, line 
Event: 1.146 Thread 0x0000016ff57f6000 Exception <a 'java/lang/IncompatibleClassChangeError'{0x000000008b52ff08}: Found class java.lang.Object, but interface was expected> (0x000000008b52ff08) thrown at [./open/src/hotspot/share/interpreter/linkResolver.cpp, line 838]
Event: 1.155 Thread 0x0000016ff517a800 Exception <a 'java/lang/NoSuchMethodError'{0x000000008b489a30}: java.lang.invoke.DirectMethodHandle$Holder.invokeVirtual(Ljava/lang/Object;Ljava/lang/Object;Ljava/lang/Object;)Ljava/lang/Object;> (0x000000008b489a30) thrown at [./open/src/hotspot/share/in
Event: 1.157 Thread 0x0000016ff57f6000 Exception <a 'java/lang/NoSuchMethodError'{0x000000008b4f02a0}: java.lang.invoke.DirectMethodHandle$Holder.invokeVirtual(Ljava/lang/Object;Ljava/lang/Object;Ljava/lang/Object;Ljava/lang/Object;)Ljava/lang/Object;> (0x000000008b4f02a0) thrown at [./open/sr
Event: 1.296 Thread 0x0000016ff517a800 Exception <a 'java/lang/IncompatibleClassChangeError'{0x000000008a866b98}: Found class java.lang.Object, but interface was expected> (0x000000008a866b98) thrown at [./open/src/hotspot/share/interpreter/linkResolver.cpp, line 838]
Event: 1.335 Thread 0x0000016ff517a800 Exception <a 'java/lang/NoSuchMethodError'{0x000000008a6debb0}: java.lang.invoke.DirectMethodHandle$Holder.invokeInterface(Ljava/lang/Object;Ljava/lang/Object;Ljava/lang/Object;Ljava/lang/Object;)V> (0x000000008a6debb0) thrown at [./open/src/hotspot/share

Events (10 events):
Event: 1.378 loading class io/undertow/Undertow
Event: 1.378 loading class io/undertow/Undertow done
Event: 1.378 loading class org/xnio/SslClientAuthMode
Event: 1.378 loading class org/xnio/SslClientAuthMode done
Event: 1.384 loading class org/springframework/boot/autoconfigure/web/servlet/DispatcherServletAutoConfiguration$DispatcherServletRegistrationCondition
Event: 1.384 loading class org/springframework/boot/autoconfigure/web/servlet/DispatcherServletAutoConfiguration$DispatcherServletRegistrationCondition done
Event: 1.385 loading class org/springframework/boot/web/servlet/ServletRegistrationBean
Event: 1.385 loading class org/springframework/boot/web/servlet/ServletRegistrationBean done
Event: 1.386 loading class org/springframework/boot/autoconfigure/web/servlet/DispatcherServletAutoConfiguration$DefaultDispatcherServletCondition
Event: 1.386 loading class org/springframework/boot/autoconfigure/web/servlet/DispatcherServletAutoConfiguration$DefaultDispatcherServletCondition done


Dynamic libraries:
0x00007ff6658d0000 - 0x00007ff6658df000 	C:\Program Files\Java\jdk-11.0.15\bin\java.exe
0x00007ffb3dab0000 - 0x00007ffb3dca8000 	C:\Windows\SYSTEM32\ntdll.dll
0x00007ffafcf40000 - 0x00007ffafcf57000 	C:\Program Files\AVG\Antivirus\aswhook.dll
0x00007ffb3c280000 - 0x00007ffb3c33d000 	C:\Windows\System32\KERNEL32.DLL
0x00007ffb3b830000 - 0x00007ffb3bb03000 	C:\Windows\System32\KERNELBASE.dll
0x00007ffb3b480000 - 0x00007ffb3b580000 	C:\Windows\System32\ucrtbase.dll
0x00007ffb01b70000 - 0x00007ffb01b85000 	C:\Program Files\Java\jdk-11.0.15\bin\VCRUNTIME140.dll
0x00007ffb1e630000 - 0x00007ffb1e648000 	C:\Program Files\Java\jdk-11.0.15\bin\jli.dll
0x00007ffb3c4b0000 - 0x00007ffb3c55e000 	C:\Windows\System32\ADVAPI32.dll
0x00007ffb3cc90000 - 0x00007ffb3cd2e000 	C:\Windows\System32\msvcrt.dll
0x00007ffb3cdb0000 - 0x00007ffb3ce4c000 	C:\Windows\System32\sechost.dll
0x00007ffb3c5c0000 - 0x00007ffb3c6e5000 	C:\Windows\System32\RPCRT4.dll
0x00007ffb3c940000 - 0x00007ffb3cade000 	C:\Windows\System32\USER32.dll
0x00007ffb3b6f0000 - 0x00007ffb3b712000 	C:\Windows\System32\win32u.dll
0x00007ffb3da40000 - 0x00007ffb3da6c000 	C:\Windows\System32\GDI32.dll
0x00007ffb2eb40000 - 0x00007ffb2edda000 	C:\Windows\WinSxS\amd64_microsoft.windows.common-controls_6595b64144ccf1df_6.0.19041.1110_none_60b5254171f9507e\COMCTL32.dll
0x00007ffb3b310000 - 0x00007ffb3b424000 	C:\Windows\System32\gdi32full.dll
0x00007ffb3b790000 - 0x00007ffb3b82d000 	C:\Windows\System32\msvcp_win.dll
0x00007ffb31b00000 - 0x00007ffb31b0a000 	C:\Windows\SYSTEM32\VERSION.dll
0x00007ffb3cf20000 - 0x00007ffb3cf50000 	C:\Windows\System32\IMM32.DLL
0x00007ffaed210000 - 0x00007ffaed2ab000 	C:\Program Files\Java\jdk-11.0.15\bin\msvcp140.dll
0x00007ffaeda20000 - 0x00007ffaee536000 	C:\Program Files\Java\jdk-11.0.15\bin\server\jvm.dll
0x00007ffb3cae0000 - 0x00007ffb3cae8000 	C:\Windows\System32\PSAPI.DLL
0x00007ffb22ec0000 - 0x00007ffb22ee7000 	C:\Windows\SYSTEM32\WINMM.dll
0x00007ffb2dbb0000 - 0x00007ffb2dbb9000 	C:\Windows\SYSTEM32\WSOCK32.dll
0x00007ffb3caf0000 - 0x00007ffb3cb5b000 	C:\Windows\System32\WS2_32.dll
0x00007ffb39a00000 - 0x00007ffb39a12000 	C:\Windows\SYSTEM32\kernel.appcore.dll
0x00007ffb34730000 - 0x00007ffb34740000 	C:\Program Files\Java\jdk-11.0.15\bin\verify.dll
0x00007ffb395e0000 - 0x00007ffb397c4000 	C:\Windows\SYSTEM32\DBGHELP.DLL
0x00007ffb2f5f0000 - 0x00007ffb2f61c000 	C:\Windows\SYSTEM32\dbgcore.DLL
0x00007ffb3b660000 - 0x00007ffb3b6e2000 	C:\Windows\System32\bcryptPrimitives.dll
0x00007ffafd7c0000 - 0x00007ffafd7e8000 	C:\Program Files\Java\jdk-11.0.15\bin\java.dll
0x00007ffb1a770000 - 0x00007ffb1a77a000 	C:\Program Files\Java\jdk-11.0.15\bin\jimage.dll
0x00007ffafd7a0000 - 0x00007ffafd7b6000 	C:\Program Files\Java\jdk-11.0.15\bin\zip.dll
0x00007ffb3bb10000 - 0x00007ffb3c253000 	C:\Windows\System32\SHELL32.dll
0x00007ffb38d80000 - 0x00007ffb39514000 	C:\Windows\SYSTEM32\windows.storage.dll
0x00007ffb3d6e0000 - 0x00007ffb3da34000 	C:\Windows\System32\combase.dll
0x00007ffb3aba0000 - 0x00007ffb3abd0000 	C:\Windows\SYSTEM32\Wldp.dll
0x00007ffb3d480000 - 0x00007ffb3d52d000 	C:\Windows\System32\SHCORE.dll
0x00007ffb3d3c0000 - 0x00007ffb3d415000 	C:\Windows\System32\shlwapi.dll
0x00007ffb3b0f0000 - 0x00007ffb3b10f000 	C:\Windows\SYSTEM32\profapi.dll
0x00007ffafd780000 - 0x00007ffafd799000 	C:\Program Files\Java\jdk-11.0.15\bin\net.dll
0x00007ffb356e0000 - 0x00007ffb357ed000 	C:\Windows\SYSTEM32\WINHTTP.dll
0x00007ffb3a900000 - 0x00007ffb3a96a000 	C:\Windows\system32\mswsock.dll
0x00007ffafd760000 - 0x00007ffafd772000 	C:\Program Files\Java\jdk-11.0.15\bin\nio.dll
0x00007ffb18ce0000 - 0x00007ffb18ce9000 	C:\Program Files\Java\jdk-11.0.15\bin\management.dll
0x00007ffb18cc0000 - 0x00007ffb18ccb000 	C:\Program Files\Java\jdk-11.0.15\bin\management_ext.dll
0x00007ffb24460000 - 0x00007ffb24477000 	C:\Windows\system32\napinsp.dll
0x00007ffb24440000 - 0x00007ffb2445b000 	C:\Windows\system32\pnrpnsp.dll
0x00007ffb21c00000 - 0x00007ffb21c15000 	C:\Windows\system32\wshbth.dll
0x00007ffb363f0000 - 0x00007ffb3640d000 	C:\Windows\system32\NLAapi.dll
0x00007ffb3a5f0000 - 0x00007ffb3a62b000 	C:\Windows\SYSTEM32\IPHLPAPI.DLL
0x00007ffb3a630000 - 0x00007ffb3a6fa000 	C:\Windows\SYSTEM32\DNSAPI.dll
0x00007ffb3cc80000 - 0x00007ffb3cc88000 	C:\Windows\System32\NSI.dll
0x00007ffb21110000 - 0x00007ffb21122000 	C:\Windows\System32\winrnr.dll
0x00007ffb306a0000 - 0x00007ffb306aa000 	C:\Windows\System32\rasadhlp.dll
0x00007ffb2f510000 - 0x00007ffb2f590000 	C:\Windows\System32\fwpuclnt.dll
0x00007ffb3b630000 - 0x00007ffb3b657000 	C:\Windows\System32\bcrypt.dll

dbghelp: loaded successfully - version: 4.0.5 - missing functions: none
symbol engine: initialized successfully - sym options: 0x614 - pdb path: .;C:\Program Files\Java\jdk-11.0.15\bin;C:\Windows\SYSTEM32;C:\Program Files\AVG\Antivirus;C:\Windows\WinSxS\amd64_microsoft.windows.common-controls_6595b64144ccf1df_6.0.19041.1110_none_60b5254171f9507e;C:\Program Files\Java\jdk-11.0.15\bin\server

VM Arguments:
java_command: com.example.demo.Ret3G40Application
java_class_path (initial): C:\Users\Fredy\Documents\NetBeansProjects\Ret3G40\target\classes;C:\Users\Fredy\.m2\repository\org\springframework\boot\spring-boot-starter-data-jpa\2.6.12\spring-boot-starter-data-jpa-2.6.12.jar;C:\Users\Fredy\.m2\repository\org\springframework\boot\spring-boot-starter-aop\2.6.12\spring-boot-starter-aop-2.6.12.jar;C:\Users\Fredy\.m2\repository\org\springframework\spring-aop\5.3.23\spring-aop-5.3.23.jar;C:\Users\Fredy\.m2\repository\org\aspectj\aspectjweaver\1.9.7\aspectjweaver-1.9.7.jar;C:\Users\Fredy\.m2\repository\org\springframework\boot\spring-boot-starter-jdbc\2.6.12\spring-boot-starter-jdbc-2.6.12.jar;C:\Users\Fredy\.m2\repository\com\zaxxer\HikariCP\4.0.3\HikariCP-4.0.3.jar;C:\Users\Fredy\.m2\repository\org\springframework\spring-jdbc\5.3.23\spring-jdbc-5.3.23.jar;C:\Users\Fredy\.m2\repository\jakarta\transaction\jakarta.transaction-api\1.3.3\jakarta.transaction-api-1.3.3.jar;C:\Users\Fredy\.m2\repository\jakarta\persistence\jakarta.persistence-api\2.2.3\jakarta.persistence-api-2.2.3.jar;C:\Users\Fredy\.m2\repository\org\hibernate\hibernate-core\5.6.11.Final\hibernate-core-5.6.11.Final.jar;C:\Users\Fredy\.m2\repository\org\jboss\logging\jboss-logging\3.4.3.Final\jboss-logging-3.4.3.Final.jar;C:\Users\Fredy\.m2\repository\net\bytebuddy\byte-buddy\1.11.22\byte-buddy-1.11.22.jar;C:\Users\Fredy\.m2\repository\antlr\antlr\2.7.7\antlr-2.7.7.jar;C:\Users\Fredy\.m2\repository\org\jboss\jandex\2.4.2.Final\jandex-2.4.2.Final.jar;C:\Users\Fredy\.m2\repository\com\fasterxml\classmate\1.5.1\classmate-1.5.1.jar;C:\Users\Fredy\.m2\repository\org\hibernate\common\hibernate-commons-annotations\5.1.2.Final\hibernate-commons-annotations-5.1.2.Final.jar;C:\Users\Fredy\.m2\repository\org\glassfish\jaxb\jaxb-runtime\2.3.6\jaxb-runtime-2.3.6.jar;C:\Users\Fredy\.m2\repository\org\glassfish\jaxb\txw2\2.3.6\txw2-2.3.6.jar;C:\Users\Fredy\.m2\repository\com\sun\istack\istack-commons-runtime\3.0.12\istack-commons-runtime-3.0.12.jar;C:\Users\Fredy\.m2\reposit
Launcher Type: SUN_STANDARD

[Global flags]
     intx CICompilerCount                          = 3                                         {product} {ergonomic}
     uint ConcGCThreads                            = 1                                         {product} {ergonomic}
     uint G1ConcRefinementThreads                  = 4                                         {product} {ergonomic}
   size_t G1HeapRegionSize                         = 1048576                                   {product} {ergonomic}
    uintx GCDrainStackTargetSize                   = 64                                        {product} {ergonomic}
   size_t InitialHeapSize                          = 130023424                                 {product} {ergonomic}
   size_t MarkStackSize                            = 4194304                                   {product} {ergonomic}
   size_t MaxHeapSize                              = 2067791872                                {product} {ergonomic}
   size_t MaxNewSize                               = 1240465408                                {product} {ergonomic}
   size_t MinHeapDeltaBytes                        = 1048576                                   {product} {ergonomic}
    uintx NonNMethodCodeHeapSize                   = 5830732                                {pd product} {ergonomic}
    uintx NonProfiledCodeHeapSize                  = 122913754                              {pd product} {ergonomic}
    uintx ProfiledCodeHeapSize                     = 122913754                              {pd product} {ergonomic}
    uintx ReservedCodeCacheSize                    = 251658240                              {pd product} {ergonomic}
     bool SegmentedCodeCache                       = true                                      {product} {ergonomic}
     bool UseCompressedClassPointers               = true                                 {lp64_product} {ergonomic}
     bool UseCompressedOops                        = true                                 {lp64_product} {ergonomic}
     bool UseG1GC                                  = true                                      {product} {ergonomic}
     bool UseLargePagesIndividualAllocation        = false                                  {pd product} {ergonomic}

Logging:
Log output configuration:
 #0: stdout all=warning uptime,level,tags
 #1: stderr all=off uptime,level,tags

Environment Variables:
JAVA_HOME=C:\Program Files\Java\jdk-11.0.15
PATH=C:\Program Files\Common Files\Oracle\Java\javapath;C:\Software\apache-maven-3.8.6\bin;C:\Windows\system32;C:\Windows;C:\Windows\System32\Wbem;C:\Windows\System32\WindowsPowerShell\v1.0\;C:\Windows\System32\OpenSSH\;C:\Program Files\Git\cmd;C:\Users\Fredy\AppData\Local\Microsoft\WindowsApps;C:\Users\Fredy\jdk\jdk-18\bin;C:\Users\Fredy\AppData\Local\Programs\Microsoft VS Code\bin;C:\Users\Fredy\Desktop\sqlite\sqlite-tools-win32-x86-3390100;C:\Program Files\Java\jdk-11.0.15;;C:\Program Files\JetBrains\IntelliJ IDEA 2022.2.2\bin;
USERNAME=Fredy
OS=Windows_NT
PROCESSOR_IDENTIFIER=Intel64 Family 6 Model 140 Stepping 1, GenuineIntel



---------------  S Y S T E M  ---------------

OS: Windows 10 , 64 bit Build 19041 (10.0.19041.1889)

CPU:total 4 (initial active 4) (2 cores per cpu, 2 threads per core) family 6 model 140 stepping 1 microcode 0x9a, cmov, cx8, fxsr, mmx, sse, sse2, sse3, ssse3, sse4.1, sse4.2, popcnt, avx, avx2, aes, clmul, erms, 3dnowpref, lzcnt, ht, tsc, tscinvbit, bmi1, bmi2, adx, evex, sha, fma

Memory: 4k page, system-wide physical 7886M (783M free)
TotalPageFile size 9934M (AvailPageFile size 5M)
current process WorkingSet (physical memory assigned to process): 139M, peak: 139M
current process commit charge ("private bytes"): 249M, peak: 250M

vm_info: Java HotSpot(TM) 64-Bit Server VM (11.0.15+8-LTS-149) for windows-amd64 JRE (11.0.15+8-LTS-149), built on Mar  9 2022 22:42:32 by "mach5one" with MS VC++ 15.9 (VS2017)

END.
